生成启动时间为 2020/6/1 22:42:46。
     1>项目“D:\VC++实验\第八次实验\MFCApplication2\MFCApplication2\MFCApplication2.vcxproj”在节点 2 上(Build 个目标)。
     1>ClCompile:
         C:\Program Files (x86)\Microsoft Visual Studio 12.0\VC\bin\CL.exe /c /ZI /nologo /W3 /WX- /sdl /Od /Oy- /D WIN32 /D _WINDOWS /D _DEBUG /D _UNICODE /D UNICODE /D _AFXDLL /Gm /EHsc /RTC1 /MDd /GS /fp:precise /Zc:wchar_t /Zc:forScope /Yu"stdafx.h" /Fp"Debug\MFCApplication2.pch" /Fo"Debug\\" /Fd"Debug\vc120.pdb" /Gd /TP /analyze- /errorReport:prompt MFCApplication2.cpp MFCApplication2Doc.cpp MFCApplication2View.cpp MainFrm.cpp MyDialog.cpp
         MFCApplication2View.cpp
     1>d:\vc++实验\第八次实验\mfcapplication2\mfcapplication2\mfcapplication2view.cpp(222): warning C4244: “参数”: 从“double”转换到“int”，可能丢失数据
         正在生成代码...
         正在跳过...(未检测到相关更改)
         MyDialog.cpp
         MainFrm.cpp
         MFCApplication2Doc.cpp
         MFCApplication2.cpp
       ResourceCompile:
         C:\Program Files (x86)\Windows Kits\8.1\bin\x86\rc.exe /D _DEBUG /D _UNICODE /D UNICODE /D _AFXDLL /l"0x0804" /IDebug\ /nologo /fo"Debug\MFCApplication2.res" MFCApplication2.rc 
       Link:
         C:\Program Files (x86)\Microsoft Visual Studio 12.0\VC\bin\link.exe /ERRORREPORT:PROMPT /OUT:"D:\VC++实验\第八次实验\MFCApplication2\Debug\MFCApplication2.exe" /INCREMENTAL /NOLOGO /MANIFEST /MANIFESTUAC:"level='asInvoker' uiAccess='false'" /manifest:embed /manifestinput:"C:\Program Files (x86)\Microsoft Visual Studio 12.0\VC\Include\Manifest\dpiaware.manifest" /DEBUG /PDB:"D:\VC++实验\第八次实验\MFCApplication2\Debug\MFCApplication2.pdb" /SUBSYSTEM:WINDOWS /TLBID:1 /ENTRY:"wWinMainCRTStartup" /DYNAMICBASE /NXCOMPAT /IMPLIB:"D:\VC++实验\第八次实验\MFCApplication2\Debug\MFCApplication2.lib" /MACHINE:X86 Debug\MFCApplication2.res
         Debug\MainFrm.obj
         Debug\MFCApplication2.obj
         Debug\MFCApplication2Doc.obj
         Debug\MFCApplication2View.obj
         Debug\MyDialog.obj
         Debug\stdafx.obj
         MFCApplication2.vcxproj -> D:\VC++实验\第八次实验\MFCApplication2\Debug\MFCApplication2.exe
     1>已完成生成项目“D:\VC++实验\第八次实验\MFCApplication2\MFCApplication2\MFCApplication2.vcxproj”(Build 个目标)的操作。

生成成功。

已用时间 00:00:07.06
