生成启动时间为 2020/7/4 11:39:15。
     1>项目“D:\VC++实验\第十三次实验\13.1直接浏览相片同时按下按钮放大显示图片\MFCApplication1\MFCApplication1\MFCApplication1.vcxproj”在节点 2 上(Build 个目标)。
     1>ClCompile:
         C:\Program Files (x86)\Microsoft Visual Studio 12.0\VC\bin\CL.exe /c /ZI /nologo /W3 /WX- /sdl /Od /Oy- /D WIN32 /D _WINDOWS /D _DEBUG /D _UNICODE /D UNICODE /D _AFXDLL /Gm /EHsc /RTC1 /MDd /GS /fp:precise /Zc:wchar_t /Zc:forScope /Yc"stdafx.h" /Fp"Debug\MFCApplication1.pch" /Fo"Debug\\" /Fd"Debug\vc120.pdb" /Gd /TP /analyze- /errorReport:prompt stdafx.cpp
         stdafx.cpp
         C:\Program Files (x86)\Microsoft Visual Studio 12.0\VC\bin\CL.exe /c /ZI /nologo /W3 /WX- /sdl /Od /Oy- /D WIN32 /D _WINDOWS /D _DEBUG /D _UNICODE /D UNICODE /D _AFXDLL /Gm /EHsc /RTC1 /MDd /GS /fp:precise /Zc:wchar_t /Zc:forScope /Yu"stdafx.h" /Fp"Debug\MFCApplication1.pch" /Fo"Debug\\" /Fd"Debug\vc120.pdb" /Gd /TP /analyze- /errorReport:prompt fangda.cpp MainFrm.cpp MFCApplication1.cpp MFCApplication1Doc.cpp MFCApplication1Set.cpp MFCApplication1View.cpp
         MFCApplication1View.cpp
     1>d:\vc++实验\第十三次实验\13.1直接浏览相片同时按下按钮放大显示图片\mfcapplication1\mfcapplication1\mfcapplication1view.cpp(129): warning C4244: “初始化”: 从“double”转换到“float”，可能丢失数据
     1>d:\vc++实验\第十三次实验\13.1直接浏览相片同时按下按钮放大显示图片\mfcapplication1\mfcapplication1\mfcapplication1view.cpp(130): warning C4244: “初始化”: 从“double”转换到“float”，可能丢失数据
     1>d:\vc++实验\第十三次实验\13.1直接浏览相片同时按下按钮放大显示图片\mfcapplication1\mfcapplication1\mfcapplication1view.cpp(133): warning C4244: “=”: 从“float”转换到“int”，可能丢失数据
     1>d:\vc++实验\第十三次实验\13.1直接浏览相片同时按下按钮放大显示图片\mfcapplication1\mfcapplication1\mfcapplication1view.cpp(140): warning C4244: “=”: 从“float”转换到“int”，可能丢失数据
         MFCApplication1Set.cpp
         MFCApplication1Doc.cpp
         MFCApplication1.cpp
         MainFrm.cpp
         fangda.cpp
     1>d:\vc++实验\第十三次实验\13.1直接浏览相片同时按下按钮放大显示图片\mfcapplication1\mfcapplication1\fangda.cpp(50): warning C4244: “初始化”: 从“double”转换到“float”，可能丢失数据
     1>d:\vc++实验\第十三次实验\13.1直接浏览相片同时按下按钮放大显示图片\mfcapplication1\mfcapplication1\fangda.cpp(51): warning C4244: “初始化”: 从“double”转换到“float”，可能丢失数据
     1>d:\vc++实验\第十三次实验\13.1直接浏览相片同时按下按钮放大显示图片\mfcapplication1\mfcapplication1\fangda.cpp(54): warning C4244: “=”: 从“float”转换到“int”，可能丢失数据
     1>d:\vc++实验\第十三次实验\13.1直接浏览相片同时按下按钮放大显示图片\mfcapplication1\mfcapplication1\fangda.cpp(61): warning C4244: “=”: 从“float”转换到“int”，可能丢失数据
         正在生成代码...
       ResourceCompile:
         C:\Program Files (x86)\Windows Kits\8.1\bin\x86\rc.exe /D _DEBUG /D _UNICODE /D UNICODE /D _AFXDLL /l"0x0804" /IDebug\ /nologo /fo"Debug\MFCApplication1.res" MFCApplication1.rc 
       Link:
         C:\Program Files (x86)\Microsoft Visual Studio 12.0\VC\bin\link.exe /ERRORREPORT:PROMPT /OUT:"D:\VC++实验\第十三次实验\13.1直接浏览相片同时按下按钮放大显示图片\MFCApplication1\Debug\MFCApplication1.exe" /INCREMENTAL /NOLOGO odbc32.lib /MANIFEST /MANIFESTUAC:"level='asInvoker' uiAccess='false'" /manifest:embed /manifestinput:"C:\Program Files (x86)\Microsoft Visual Studio 12.0\VC\Include\Manifest\dpiaware.manifest" /DEBUG /PDB:"D:\VC++实验\第十三次实验\13.1直接浏览相片同时按下按钮放大显示图片\MFCApplication1\Debug\MFCApplication1.pdb" /SUBSYSTEM:WINDOWS /TLBID:1 /ENTRY:"wWinMainCRTStartup" /DYNAMICBASE /NXCOMPAT /IMPLIB:"D:\VC++实验\第十三次实验\13.1直接浏览相片同时按下按钮放大显示图片\MFCApplication1\Debug\MFCApplication1.lib" /MACHINE:X86 Debug\MFCApplication1.res
         Debug\fangda.obj
         Debug\MainFrm.obj
         Debug\MFCApplication1.obj
         Debug\MFCApplication1Doc.obj
         Debug\MFCApplication1Set.obj
         Debug\MFCApplication1View.obj
         Debug\stdafx.obj
         MFCApplication1.vcxproj -> D:\VC++实验\第十三次实验\13.1直接浏览相片同时按下按钮放大显示图片\MFCApplication1\Debug\MFCApplication1.exe
     1>已完成生成项目“D:\VC++实验\第十三次实验\13.1直接浏览相片同时按下按钮放大显示图片\MFCApplication1\MFCApplication1\MFCApplication1.vcxproj”(Build 个目标)的操作。

生成成功。

已用时间 00:00:25.47
