生成启动时间为 2020/6/2 21:34:07。
     1>项目“D:\VC++实验\第十次实验\10.3把角度值deg转化为弧度值的静态链接库\MFCApplication1\UsingLibDll\UsingLibDll.vcxproj”在节点 2 上(Build 个目标)。
     1>ClCompile:
         C:\Program Files (x86)\Microsoft Visual Studio 12.0\VC\bin\CL.exe /c /I..\Lib0 /ZI /nologo /W3 /WX- /sdl /Od /Oy- /D WIN32 /D _WINDOWS /D _DEBUG /D _UNICODE /D UNICODE /D _AFXDLL /Gm /EHsc /RTC1 /MDd /GS /fp:precise /Zc:wchar_t /Zc:forScope /Yu"stdafx.h" /Fp"Debug\UsingLibDll.pch" /Fo"Debug\\" /Fd"Debug\vc120.pdb" /Gd /TP /analyze- /errorReport:prompt MainFrm.cpp UsingLibDll.cpp UsingLibDllDoc.cpp
         UsingLibDllDoc.cpp
         UsingLibDll.cpp
         MainFrm.cpp
         正在生成代码...
       ResourceCompile:
         C:\Program Files (x86)\Windows Kits\8.1\bin\x86\rc.exe /D _DEBUG /D _UNICODE /D UNICODE /D _AFXDLL /l"0x0804" /IDebug\ /nologo /fo"Debug\UsingLibDll.res" UsingLibDll.rc 
       Link:
         C:\Program Files (x86)\Microsoft Visual Studio 12.0\VC\bin\link.exe /ERRORREPORT:PROMPT /OUT:"D:\VC++实验\第十次实验\10.3把角度值deg转化为弧度值的静态链接库\MFCApplication1\Debug\UsingLibDll.exe" /INCREMENTAL /NOLOGO /LIBPATH:..\Debug Lib0.lib /MANIFEST /MANIFESTUAC:"level='asInvoker' uiAccess='false'" /manifest:embed /manifestinput:"C:\Program Files (x86)\Microsoft Visual Studio 12.0\VC\Include\Manifest\dpiaware.manifest" /DEBUG /PDB:"D:\VC++实验\第十次实验\10.3把角度值deg转化为弧度值的静态链接库\MFCApplication1\Debug\UsingLibDll.pdb" /SUBSYSTEM:WINDOWS /TLBID:1 /ENTRY:"wWinMainCRTStartup" /DYNAMICBASE /NXCOMPAT /IMPLIB:"D:\VC++实验\第十次实验\10.3把角度值deg转化为弧度值的静态链接库\MFCApplication1\Debug\UsingLibDll.lib" /MACHINE:X86 Debug\UsingLibDll.res
         Debug\MainFrm.obj
         Debug\stdafx.obj
         Debug\UsingLibDll.obj
         Debug\UsingLibDllDoc.obj
         Debug\UsingLibDllView.obj
         UsingLibDll.vcxproj -> D:\VC++实验\第十次实验\10.3把角度值deg转化为弧度值的静态链接库\MFCApplication1\Debug\UsingLibDll.exe
     1>已完成生成项目“D:\VC++实验\第十次实验\10.3把角度值deg转化为弧度值的静态链接库\MFCApplication1\UsingLibDll\UsingLibDll.vcxproj”(Build 个目标)的操作。

生成成功。

已用时间 00:00:06.05
