生成启动时间为 2020/5/12 20:39:14。
     1>项目“D:\VC++实验\第十一次实验\DB2018\DB2018\DB2018.vcxproj”在节点 2 上(Build 个目标)。
     1>ClCompile:
         C:\Program Files (x86)\Microsoft Visual Studio 12.0\VC\bin\CL.exe /c /ZI /nologo /W3 /WX- /sdl /Od /Oy- /D WIN32 /D _WINDOWS /D _DEBUG /D _UNICODE /D UNICODE /D _AFXDLL /Gm /EHsc /RTC1 /MDd /GS /fp:precise /Zc:wchar_t /Zc:forScope /Yu"stdafx.h" /Fp"Debug\DB2018.pch" /Fo"Debug\\" /Fd"Debug\vc120.pdb" /Gd /TP /analyze- /errorReport:prompt DB2018.cpp DB2018Doc.cpp DB2018Set.cpp MainFrm.cpp
         正在跳过...(未检测到相关更改)
         MainFrm.cpp
         DB2018Set.cpp
         DB2018Doc.cpp
         DB2018.cpp
       ResourceCompile:
         C:\Program Files (x86)\Windows Kits\8.1\bin\x86\rc.exe /D _DEBUG /D _UNICODE /D UNICODE /D _AFXDLL /l"0x0804" /IDebug\ /nologo /fo"Debug\DB2018.res" DB2018.rc 
       Link:
         C:\Program Files (x86)\Microsoft Visual Studio 12.0\VC\bin\link.exe /ERRORREPORT:PROMPT /OUT:"D:\VC++实验\第十一次实验\DB2018\Debug\DB2018.exe" /INCREMENTAL /NOLOGO odbc32.lib /MANIFEST /MANIFESTUAC:"level='asInvoker' uiAccess='false'" /manifest:embed /manifestinput:"C:\Program Files (x86)\Microsoft Visual Studio 12.0\VC\Include\Manifest\dpiaware.manifest" /DEBUG /PDB:"D:\VC++实验\第十一次实验\DB2018\Debug\DB2018.pdb" /SUBSYSTEM:WINDOWS /TLBID:1 /ENTRY:"wWinMainCRTStartup" /DYNAMICBASE /NXCOMPAT /IMPLIB:"D:\VC++实验\第十一次实验\DB2018\Debug\DB2018.lib" /MACHINE:X86 Debug\DB2018.res
         Debug\DB2018.obj
         Debug\DB2018Doc.obj
         Debug\DB2018Set.obj
         Debug\DB2018View.obj
         Debug\MainFrm.obj
         Debug\stdafx.obj
         DB2018.vcxproj -> D:\VC++实验\第十一次实验\DB2018\Debug\DB2018.exe
     1>已完成生成项目“D:\VC++实验\第十一次实验\DB2018\DB2018\DB2018.vcxproj”(Build 个目标)的操作。

生成成功。

已用时间 00:00:05.05
